2024-11-21 13:30:00,214 - grid_analyzer - INFO - Se encontraron 0 subestaciones en el WMS
2024-11-21 13:30:39,537 - grid_analyzer - INFO - Se encontraron 0 subestaciones en el WMS
2024-11-21 13:31:57,667 - grid_analyzer - ERROR - Error accediendo al servicio: 403 Client Error: Forbidden for url: https://gisem.osinergmin.gob.pe/serverosih/services/Electricidad/ELECTRICIDAD/MapServer/3/query?where=1%3D1&outFields=%2A&f=json
2024-11-21 14:29:55,009 - grid_analyzer - INFO - Inicializado con 18 subestaciones
2024-11-21 14:30:14,303 - grid_analyzer - INFO - Inicializado con 18 subestaciones
2024-11-21 14:30:24,781 - grid_analyzer - INFO - Inicializado con 18 subestaciones
2024-11-21 14:30:44,724 - grid_analyzer - INFO - Inicializado con 18 subestaciones
2024-11-21 14:33:15,529 - grid_analyzer - INFO - Inicializado con 18 subestaciones
2024-11-21 14:34:33,582 - grid_analyzer - INFO - Inicializado con 18 subestaciones
2024-11-21 14:36:02,643 - grid_analyzer - INFO - Inicializado con 18 subestaciones
2024-11-21 14:37:32,671 - grid_analyzer - INFO - Inicializado con 18 subestaciones
2024-11-21 16:36:00,832 - grid_analyzer - INFO - Inicializado con 18 subestaciones
2024-11-21 16:38:43,786 - grid_analyzer - INFO - Inicializado con 18 subestaciones
2024-11-21 16:42:48,139 - grid_analyzer - INFO - Inicializado con 21 subestaciones
2024-11-21 16:45:21,425 - grid_analyzer - INFO - Inicializado con 21 subestaciones
2024-11-21 16:45:21,523 - grid_analyzer - INFO - Inicializado con 21 subestaciones
2024-11-21 16:47:29,447 - grid_analyzer - INFO - Inicializado con 21 subestaciones
2024-11-21 16:47:29,541 - grid_analyzer - INFO - Inicializado con 21 subestaciones
2024-11-21 16:49:32,429 - grid_analyzer - INFO - Inicializado con 21 subestaciones
2024-11-21 16:49:32,519 - grid_analyzer - INFO - Inicializado con 21 subestaciones
2024-11-21 16:52:17,545 - grid_analyzer - INFO - Inicializado con 21 subestaciones
2024-11-21 16:52:17,547 - grid_analyzer - INFO - Obteniendo 21 subestaciones:
2024-11-21 16:52:17,547 - grid_analyzer - INFO -   - Chilca 1: 500kV, (-12.5167, -76.7333)
2024-11-21 16:52:17,547 - grid_analyzer - INFO -   - Chilca REP: 220kV, (-12.52, -76.7367)
2024-11-21 16:52:17,547 - grid_analyzer - INFO -   - Independencia: 220kV, (-13.7167, -76.0167)
2024-11-21 16:52:17,547 - grid_analyzer - INFO -   - Marcona: 220kV, (-15.3667, -75.0833)
2024-11-21 16:52:17,547 - grid_analyzer - INFO -   - Montalvo: 500kV, (-17.1333, -70.8333)
2024-11-21 16:52:17,547 - grid_analyzer - INFO -   - Socabaya: 220kV, (-16.4333, -71.5333)
2024-11-21 16:52:17,547 - grid_analyzer - INFO -   - Cerro Verde 1: 220kV, (-16.5167, -71.5833)
2024-11-21 16:52:17,547 - grid_analyzer - INFO -   - Cerro Verde 2: 138kV, (-16.52, -71.5867)
2024-11-21 16:52:17,547 - grid_analyzer - INFO -   - Moquegua: 500kV, (-17.1917, -70.9306)
2024-11-21 16:52:17,547 - grid_analyzer - INFO -   - Ilo 1: 220kV, (-17.65, -71.3333)
2024-11-21 16:52:17,547 - grid_analyzer - INFO -   - Ilo 2: 138kV, (-17.6533, -71.3367)
2024-11-21 16:52:17,547 - grid_analyzer - INFO -   - Los Héroes: 220kV, (-18.0167, -70.25)
2024-11-21 16:52:17,548 - grid_analyzer - INFO -   - Tacna: 138kV, (-18.05, -70.2333)
2024-11-21 16:52:17,548 - grid_analyzer - INFO -   - Quencoro: 220kV, (-13.5333, -71.9333)
2024-11-21 16:52:17,548 - grid_analyzer - INFO -   - Tintaya: 220kV, (-14.9167, -71.3)
2024-11-21 16:52:17,548 - grid_analyzer - INFO -   - Onocora: 138kV, (-14.25, -71.75)
2024-11-21 16:52:17,548 - grid_analyzer - INFO -   - Puno: 220kV, (-15.8333, -70.0167)
2024-11-21 16:52:17,548 - grid_analyzer - INFO -   - Juliaca: 220kV, (-15.5, -70.1333)
2024-11-21 16:52:17,548 - grid_analyzer - INFO -   - Azángaro: 138kV, (-14.9167, -70.1917)
2024-11-21 16:52:17,548 - grid_analyzer - INFO -   - Abancay Nueva: 220kV, (-13.6333, -72.8833)
2024-11-21 16:52:17,548 - grid_analyzer - INFO -   - Cotaruse: 220kV, (-14.3167, -73.2)
2024-11-21 16:52:17,635 - grid_analyzer - INFO - Inicializado con 21 subestaciones
2024-11-21 16:57:07,255 - grid_analyzer - INFO - Inicializado con 22 subestaciones
2024-11-21 16:57:07,256 - grid_analyzer - INFO - Obteniendo 22 subestaciones:
2024-11-21 16:57:07,256 - grid_analyzer - INFO -   - Chilca 1: 500kV, (-12.5167, -76.7333)
2024-11-21 16:57:07,256 - grid_analyzer - INFO -   - Chilca REP: 220kV, (-12.52, -76.7367)
2024-11-21 16:57:07,256 - grid_analyzer - INFO -   - Independencia: 220kV, (-13.7167, -76.0167)
2024-11-21 16:57:07,256 - grid_analyzer - INFO -   - Marcona: 220kV, (-15.3667, -75.0833)
2024-11-21 16:57:07,256 - grid_analyzer - INFO -   - Montalvo: 500kV, (-17.1333, -70.8333)
2024-11-21 16:57:07,256 - grid_analyzer - INFO -   - Socabaya: 220kV, (-16.4333, -71.5333)
2024-11-21 16:57:07,256 - grid_analyzer - INFO -   - Cerro Verde 1: 220kV, (-16.5167, -71.5833)
2024-11-21 16:57:07,256 - grid_analyzer - INFO -   - Cerro Verde 2: 138kV, (-16.52, -71.5867)
2024-11-21 16:57:07,256 - grid_analyzer - INFO -   - Moquegua: 500kV, (-17.1917, -70.9306)
2024-11-21 16:57:07,256 - grid_analyzer - INFO -   - Ilo 1: 220kV, (-17.65, -71.3333)
2024-11-21 16:57:07,256 - grid_analyzer - INFO -   - Ilo 2: 138kV, (-17.6533, -71.3367)
2024-11-21 16:57:07,256 - grid_analyzer - INFO -   - Los Héroes: 220kV, (-18.0167, -70.25)
2024-11-21 16:57:07,256 - grid_analyzer - INFO -   - Tacna: 138kV, (-18.05, -70.2333)
2024-11-21 16:57:07,256 - grid_analyzer - INFO -   - Quencoro: 220kV, (-13.5333, -71.9333)
2024-11-21 16:57:07,256 - grid_analyzer - INFO -   - Tintaya: 220kV, (-14.9167, -71.3)
2024-11-21 16:57:07,256 - grid_analyzer - INFO -   - Onocora: 138kV, (-14.25, -71.75)
2024-11-21 16:57:07,257 - grid_analyzer - INFO -   - Puno: 220kV, (-15.8333, -70.0167)
2024-11-21 16:57:07,257 - grid_analyzer - INFO -   - Juliaca: 220kV, (-15.5, -70.1333)
2024-11-21 16:57:07,257 - grid_analyzer - INFO -   - Azángaro: 138kV, (-14.9167, -70.1917)
2024-11-21 16:57:07,257 - grid_analyzer - INFO -   - Abancay Nueva: 220kV, (-13.6333, -72.8833)
2024-11-21 16:57:07,257 - grid_analyzer - INFO -   - Cotaruse: 220kV, (-14.3167, -73.2)
2024-11-21 16:57:07,257 - grid_analyzer - INFO -   - Paramonga Nueva: 220kV, (-10.6667, -77.8333)
2024-11-21 16:57:11,032 - grid_analyzer - INFO - Inicializado con 22 subestaciones
2024-11-21 16:57:11,032 - grid_analyzer - INFO - Obteniendo 22 subestaciones:
2024-11-21 16:57:11,033 - grid_analyzer - INFO -   - Chilca 1: 500kV, (-12.5167, -76.7333)
2024-11-21 16:57:11,033 - grid_analyzer - INFO -   - Chilca REP: 220kV, (-12.52, -76.7367)
2024-11-21 16:57:11,033 - grid_analyzer - INFO -   - Independencia: 220kV, (-13.7167, -76.0167)
2024-11-21 16:57:11,033 - grid_analyzer - INFO -   - Marcona: 220kV, (-15.3667, -75.0833)
2024-11-21 16:57:11,033 - grid_analyzer - INFO -   - Montalvo: 500kV, (-17.1333, -70.8333)
2024-11-21 16:57:11,033 - grid_analyzer - INFO -   - Socabaya: 220kV, (-16.4333, -71.5333)
2024-11-21 16:57:11,033 - grid_analyzer - INFO -   - Cerro Verde 1: 220kV, (-16.5167, -71.5833)
2024-11-21 16:57:11,033 - grid_analyzer - INFO -   - Cerro Verde 2: 138kV, (-16.52, -71.5867)
2024-11-21 16:57:11,033 - grid_analyzer - INFO -   - Moquegua: 500kV, (-17.1917, -70.9306)
2024-11-21 16:57:11,033 - grid_analyzer - INFO -   - Ilo 1: 220kV, (-17.65, -71.3333)
2024-11-21 16:57:11,033 - grid_analyzer - INFO -   - Ilo 2: 138kV, (-17.6533, -71.3367)
2024-11-21 16:57:11,033 - grid_analyzer - INFO -   - Los Héroes: 220kV, (-18.0167, -70.25)
2024-11-21 16:57:11,033 - grid_analyzer - INFO -   - Tacna: 138kV, (-18.05, -70.2333)
2024-11-21 16:57:11,034 - grid_analyzer - INFO -   - Quencoro: 220kV, (-13.5333, -71.9333)
2024-11-21 16:57:11,034 - grid_analyzer - INFO -   - Tintaya: 220kV, (-14.9167, -71.3)
2024-11-21 16:57:11,034 - grid_analyzer - INFO -   - Onocora: 138kV, (-14.25, -71.75)
2024-11-21 16:57:11,034 - grid_analyzer - INFO -   - Puno: 220kV, (-15.8333, -70.0167)
2024-11-21 16:57:11,034 - grid_analyzer - INFO -   - Juliaca: 220kV, (-15.5, -70.1333)
2024-11-21 16:57:11,034 - grid_analyzer - INFO -   - Azángaro: 138kV, (-14.9167, -70.1917)
2024-11-21 16:57:11,034 - grid_analyzer - INFO -   - Abancay Nueva: 220kV, (-13.6333, -72.8833)
2024-11-21 16:57:11,034 - grid_analyzer - INFO -   - Cotaruse: 220kV, (-14.3167, -73.2)
2024-11-21 16:57:11,034 - grid_analyzer - INFO -   - Paramonga Nueva: 220kV, (-10.6667, -77.8333)
2024-11-21 16:59:09,467 - grid_analyzer - INFO - Inicializado con 22 subestaciones
2024-11-21 16:59:09,468 - grid_analyzer - INFO - Obteniendo 22 subestaciones:
2024-11-21 16:59:09,468 - grid_analyzer - INFO -   - Chilca 1: 500kV, (-12.5167, -76.7333)
2024-11-21 16:59:09,468 - grid_analyzer - INFO -   - Chilca REP: 220kV, (-12.52, -76.7367)
2024-11-21 16:59:09,468 - grid_analyzer - INFO -   - Independencia: 220kV, (-13.7167, -76.0167)
2024-11-21 16:59:09,468 - grid_analyzer - INFO -   - Marcona: 220kV, (-15.3667, -75.0833)
2024-11-21 16:59:09,468 - grid_analyzer - INFO -   - Montalvo: 500kV, (-17.1333, -70.8333)
2024-11-21 16:59:09,468 - grid_analyzer - INFO -   - Socabaya: 220kV, (-16.4333, -71.5333)
2024-11-21 16:59:09,468 - grid_analyzer - INFO -   - Cerro Verde 1: 220kV, (-16.5167, -71.5833)
2024-11-21 16:59:09,468 - grid_analyzer - INFO -   - Cerro Verde 2: 138kV, (-16.52, -71.5867)
2024-11-21 16:59:09,468 - grid_analyzer - INFO -   - Moquegua: 500kV, (-17.1917, -70.9306)
2024-11-21 16:59:09,468 - grid_analyzer - INFO -   - Ilo 1: 220kV, (-17.65, -71.3333)
2024-11-21 16:59:09,468 - grid_analyzer - INFO -   - Ilo 2: 138kV, (-17.6533, -71.3367)
2024-11-21 16:59:09,468 - grid_analyzer - INFO -   - Los Héroes: 220kV, (-18.0167, -70.25)
2024-11-21 16:59:09,468 - grid_analyzer - INFO -   - Tacna: 138kV, (-18.05, -70.2333)
2024-11-21 16:59:09,468 - grid_analyzer - INFO -   - Quencoro: 220kV, (-13.5333, -71.9333)
2024-11-21 16:59:09,468 - grid_analyzer - INFO -   - Tintaya: 220kV, (-14.9167, -71.3)
2024-11-21 16:59:09,468 - grid_analyzer - INFO -   - Onocora: 138kV, (-14.25, -71.75)
2024-11-21 16:59:09,468 - grid_analyzer - INFO -   - Puno: 220kV, (-15.8333, -70.0167)
2024-11-21 16:59:09,469 - grid_analyzer - INFO -   - Juliaca: 220kV, (-15.5, -70.1333)
2024-11-21 16:59:09,469 - grid_analyzer - INFO -   - Azángaro: 138kV, (-14.9167, -70.1917)
2024-11-21 16:59:09,469 - grid_analyzer - INFO -   - Abancay Nueva: 220kV, (-13.6333, -72.8833)
2024-11-21 16:59:09,469 - grid_analyzer - INFO -   - Cotaruse: 220kV, (-14.3167, -73.2)
2024-11-21 16:59:09,469 - grid_analyzer - INFO -   - Paramonga Nueva: 220kV, (-10.6667, -77.8333)
2024-11-21 16:59:09,615 - grid_analyzer - INFO - Inicializado con 22 subestaciones
2024-11-21 17:05:50,080 - grid_analyzer - INFO - Inicializado con 22 subestaciones
2024-11-21 17:05:50,080 - grid_analyzer - INFO - Obteniendo 22 subestaciones:
2024-11-21 17:05:50,081 - grid_analyzer - INFO -   - Chilca 1: 500kV, (-12.5167, -76.7333)
2024-11-21 17:05:50,081 - grid_analyzer - INFO -   - Chilca REP: 220kV, (-12.52, -76.7367)
2024-11-21 17:05:50,081 - grid_analyzer - INFO -   - Independencia: 220kV, (-13.7167, -76.0167)
2024-11-21 17:05:50,081 - grid_analyzer - INFO -   - Marcona: 220kV, (-15.3667, -75.0833)
2024-11-21 17:05:50,081 - grid_analyzer - INFO -   - Montalvo: 500kV, (-17.1333, -70.8333)
2024-11-21 17:05:50,081 - grid_analyzer - INFO -   - Socabaya: 220kV, (-16.4333, -71.5333)
2024-11-21 17:05:50,081 - grid_analyzer - INFO -   - Cerro Verde 1: 220kV, (-16.5167, -71.5833)
2024-11-21 17:05:50,081 - grid_analyzer - INFO -   - Cerro Verde 2: 138kV, (-16.52, -71.5867)
2024-11-21 17:05:50,081 - grid_analyzer - INFO -   - Moquegua: 500kV, (-17.1917, -70.9306)
2024-11-21 17:05:50,081 - grid_analyzer - INFO -   - Ilo 1: 220kV, (-17.65, -71.3333)
2024-11-21 17:05:50,081 - grid_analyzer - INFO -   - Ilo 2: 138kV, (-17.6533, -71.3367)
2024-11-21 17:05:50,081 - grid_analyzer - INFO -   - Los Héroes: 220kV, (-18.0167, -70.25)
2024-11-21 17:05:50,081 - grid_analyzer - INFO -   - Tacna: 138kV, (-18.05, -70.2333)
2024-11-21 17:05:50,081 - grid_analyzer - INFO -   - Quencoro: 220kV, (-13.5333, -71.9333)
2024-11-21 17:05:50,081 - grid_analyzer - INFO -   - Tintaya: 220kV, (-14.9167, -71.3)
2024-11-21 17:05:50,081 - grid_analyzer - INFO -   - Onocora: 138kV, (-14.25, -71.75)
2024-11-21 17:05:50,081 - grid_analyzer - INFO -   - Puno: 220kV, (-15.8333, -70.0167)
2024-11-21 17:05:50,081 - grid_analyzer - INFO -   - Juliaca: 220kV, (-15.5, -70.1333)
2024-11-21 17:05:50,081 - grid_analyzer - INFO -   - Azángaro: 138kV, (-14.9167, -70.1917)
2024-11-21 17:05:50,082 - grid_analyzer - INFO -   - Abancay Nueva: 220kV, (-13.6333, -72.8833)
2024-11-21 17:05:50,082 - grid_analyzer - INFO -   - Cotaruse: 220kV, (-14.3167, -73.2)
2024-11-21 17:05:50,082 - grid_analyzer - INFO -   - Paramonga Nueva: 220kV, (-10.6667, -77.8333)
2024-11-21 17:10:07,370 - grid_analyzer - INFO - Inicializado con 22 subestaciones
2024-11-21 17:10:07,371 - grid_analyzer - INFO - Obteniendo 22 subestaciones:
2024-11-21 17:10:07,371 - grid_analyzer - INFO -   - Chilca 1: 500kV, (-12.5167, -76.7333)
2024-11-21 17:10:07,371 - grid_analyzer - INFO -   - Chilca REP: 220kV, (-12.52, -76.7367)
2024-11-21 17:10:07,371 - grid_analyzer - INFO -   - Independencia: 220kV, (-13.7167, -76.0167)
2024-11-21 17:10:07,371 - grid_analyzer - INFO -   - Marcona: 220kV, (-15.3667, -75.0833)
2024-11-21 17:10:07,371 - grid_analyzer - INFO -   - Montalvo: 500kV, (-17.1333, -70.8333)
2024-11-21 17:10:07,371 - grid_analyzer - INFO -   - Socabaya: 220kV, (-16.4333, -71.5333)
2024-11-21 17:10:07,371 - grid_analyzer - INFO -   - Cerro Verde 1: 220kV, (-16.5167, -71.5833)
2024-11-21 17:10:07,371 - grid_analyzer - INFO -   - Cerro Verde 2: 138kV, (-16.52, -71.5867)
2024-11-21 17:10:07,371 - grid_analyzer - INFO -   - Moquegua: 500kV, (-17.1917, -70.9306)
2024-11-21 17:10:07,371 - grid_analyzer - INFO -   - Ilo 1: 220kV, (-17.65, -71.3333)
2024-11-21 17:10:07,371 - grid_analyzer - INFO -   - Ilo 2: 138kV, (-17.6533, -71.3367)
2024-11-21 17:10:07,371 - grid_analyzer - INFO -   - Los Héroes: 220kV, (-18.0167, -70.25)
2024-11-21 17:10:07,371 - grid_analyzer - INFO -   - Tacna: 138kV, (-18.05, -70.2333)
2024-11-21 17:10:07,371 - grid_analyzer - INFO -   - Quencoro: 220kV, (-13.5333, -71.9333)
2024-11-21 17:10:07,372 - grid_analyzer - INFO -   - Tintaya: 220kV, (-14.9167, -71.3)
2024-11-21 17:10:07,372 - grid_analyzer - INFO -   - Onocora: 138kV, (-14.25, -71.75)
2024-11-21 17:10:07,372 - grid_analyzer - INFO -   - Puno: 220kV, (-15.8333, -70.0167)
2024-11-21 17:10:07,372 - grid_analyzer - INFO -   - Juliaca: 220kV, (-15.5, -70.1333)
2024-11-21 17:10:07,372 - grid_analyzer - INFO -   - Azángaro: 138kV, (-14.9167, -70.1917)
2024-11-21 17:10:07,372 - grid_analyzer - INFO -   - Abancay Nueva: 220kV, (-13.6333, -72.8833)
2024-11-21 17:10:07,372 - grid_analyzer - INFO -   - Cotaruse: 220kV, (-14.3167, -73.2)
2024-11-21 17:10:07,372 - grid_analyzer - INFO -   - Paramonga Nueva: 220kV, (-10.6667, -77.8333)
2024-11-21 17:12:27,722 - grid_analyzer - INFO - Inicializado con 22 subestaciones
2024-11-21 17:12:27,723 - grid_analyzer - INFO - Obteniendo 22 subestaciones:
2024-11-21 17:12:27,723 - grid_analyzer - INFO -   - Chilca 1: 500kV, (-12.5167, -76.7333)
2024-11-21 17:12:27,723 - grid_analyzer - INFO -   - Chilca REP: 220kV, (-12.52, -76.7367)
2024-11-21 17:12:27,723 - grid_analyzer - INFO -   - Independencia: 220kV, (-13.7167, -76.0167)
2024-11-21 17:12:27,723 - grid_analyzer - INFO -   - Marcona: 220kV, (-15.3667, -75.0833)
2024-11-21 17:12:27,723 - grid_analyzer - INFO -   - Montalvo: 500kV, (-17.1333, -70.8333)
2024-11-21 17:12:27,723 - grid_analyzer - INFO -   - Socabaya: 220kV, (-16.4333, -71.5333)
2024-11-21 17:12:27,723 - grid_analyzer - INFO -   - Cerro Verde 1: 220kV, (-16.5167, -71.5833)
2024-11-21 17:12:27,723 - grid_analyzer - INFO -   - Cerro Verde 2: 138kV, (-16.52, -71.5867)
2024-11-21 17:12:27,723 - grid_analyzer - INFO -   - Moquegua: 500kV, (-17.1917, -70.9306)
2024-11-21 17:12:27,723 - grid_analyzer - INFO -   - Ilo 1: 220kV, (-17.65, -71.3333)
2024-11-21 17:12:27,723 - grid_analyzer - INFO -   - Ilo 2: 138kV, (-17.6533, -71.3367)
2024-11-21 17:12:27,723 - grid_analyzer - INFO -   - Los Héroes: 220kV, (-18.0167, -70.25)
2024-11-21 17:12:27,723 - grid_analyzer - INFO -   - Tacna: 138kV, (-18.05, -70.2333)
2024-11-21 17:12:27,724 - grid_analyzer - INFO -   - Quencoro: 220kV, (-13.5333, -71.9333)
2024-11-21 17:12:27,724 - grid_analyzer - INFO -   - Tintaya: 220kV, (-14.9167, -71.3)
2024-11-21 17:12:27,724 - grid_analyzer - INFO -   - Onocora: 138kV, (-14.25, -71.75)
2024-11-21 17:12:27,724 - grid_analyzer - INFO -   - Puno: 220kV, (-15.8333, -70.0167)
2024-11-21 17:12:27,724 - grid_analyzer - INFO -   - Juliaca: 220kV, (-15.5, -70.1333)
2024-11-21 17:12:27,724 - grid_analyzer - INFO -   - Azángaro: 138kV, (-14.9167, -70.1917)
2024-11-21 17:12:27,724 - grid_analyzer - INFO -   - Abancay Nueva: 220kV, (-13.6333, -72.8833)
2024-11-21 17:12:27,724 - grid_analyzer - INFO -   - Cotaruse: 220kV, (-14.3167, -73.2)
2024-11-21 17:12:27,724 - grid_analyzer - INFO -   - Paramonga Nueva: 220kV, (-10.6667, -77.8333)
2024-11-21 17:13:19,775 - grid_analyzer - INFO - Inicializado con 22 subestaciones
2024-11-21 17:13:19,775 - grid_analyzer - INFO - Obteniendo 22 subestaciones:
2024-11-21 17:13:19,775 - grid_analyzer - INFO -   - Chilca 1: 500kV, (-12.5167, -76.7333)
2024-11-21 17:13:19,775 - grid_analyzer - INFO -   - Chilca REP: 220kV, (-12.52, -76.7367)
2024-11-21 17:13:19,775 - grid_analyzer - INFO -   - Independencia: 220kV, (-13.7167, -76.0167)
2024-11-21 17:13:19,776 - grid_analyzer - INFO -   - Marcona: 220kV, (-15.3667, -75.0833)
2024-11-21 17:13:19,776 - grid_analyzer - INFO -   - Montalvo: 500kV, (-17.1333, -70.8333)
2024-11-21 17:13:19,776 - grid_analyzer - INFO -   - Socabaya: 220kV, (-16.4333, -71.5333)
2024-11-21 17:13:19,776 - grid_analyzer - INFO -   - Cerro Verde 1: 220kV, (-16.5167, -71.5833)
2024-11-21 17:13:19,776 - grid_analyzer - INFO -   - Cerro Verde 2: 138kV, (-16.52, -71.5867)
2024-11-21 17:13:19,776 - grid_analyzer - INFO -   - Moquegua: 500kV, (-17.1917, -70.9306)
2024-11-21 17:13:19,776 - grid_analyzer - INFO -   - Ilo 1: 220kV, (-17.65, -71.3333)
2024-11-21 17:13:19,776 - grid_analyzer - INFO -   - Ilo 2: 138kV, (-17.6533, -71.3367)
2024-11-21 17:13:19,776 - grid_analyzer - INFO -   - Los Héroes: 220kV, (-18.0167, -70.25)
2024-11-21 17:13:19,776 - grid_analyzer - INFO -   - Tacna: 138kV, (-18.05, -70.2333)
2024-11-21 17:13:19,776 - grid_analyzer - INFO -   - Quencoro: 220kV, (-13.5333, -71.9333)
2024-11-21 17:13:19,776 - grid_analyzer - INFO -   - Tintaya: 220kV, (-14.9167, -71.3)
2024-11-21 17:13:19,776 - grid_analyzer - INFO -   - Onocora: 138kV, (-14.25, -71.75)
2024-11-21 17:13:19,777 - grid_analyzer - INFO -   - Puno: 220kV, (-15.8333, -70.0167)
2024-11-21 17:13:19,777 - grid_analyzer - INFO -   - Juliaca: 220kV, (-15.5, -70.1333)
2024-11-21 17:13:19,777 - grid_analyzer - INFO -   - Azángaro: 138kV, (-14.9167, -70.1917)
2024-11-21 17:13:19,777 - grid_analyzer - INFO -   - Abancay Nueva: 220kV, (-13.6333, -72.8833)
2024-11-21 17:13:19,777 - grid_analyzer - INFO -   - Cotaruse: 220kV, (-14.3167, -73.2)
2024-11-21 17:13:19,777 - grid_analyzer - INFO -   - Paramonga Nueva: 220kV, (-10.6667, -77.8333)
2024-11-21 17:13:19,807 - grid_analyzer - INFO - Inicializado con 22 subestaciones
2024-11-21 17:15:31,660 - grid_analyzer - INFO - Inicializado con 22 subestaciones
2024-11-21 17:15:31,660 - grid_analyzer - INFO - Obteniendo 22 subestaciones:
2024-11-21 17:15:31,661 - grid_analyzer - INFO -   - Chilca 1: 500kV, (-12.5167, -76.7333)
2024-11-21 17:15:31,661 - grid_analyzer - INFO -   - Chilca REP: 220kV, (-12.52, -76.7367)
2024-11-21 17:15:31,661 - grid_analyzer - INFO -   - Independencia: 220kV, (-13.7167, -76.0167)
2024-11-21 17:15:31,661 - grid_analyzer - INFO -   - Marcona: 220kV, (-15.3667, -75.0833)
2024-11-21 17:15:31,661 - grid_analyzer - INFO -   - Montalvo: 500kV, (-17.1333, -70.8333)
2024-11-21 17:15:31,661 - grid_analyzer - INFO -   - Socabaya: 220kV, (-16.4333, -71.5333)
2024-11-21 17:15:31,661 - grid_analyzer - INFO -   - Cerro Verde 1: 220kV, (-16.5167, -71.5833)
2024-11-21 17:15:31,661 - grid_analyzer - INFO -   - Cerro Verde 2: 138kV, (-16.52, -71.5867)
2024-11-21 17:15:31,661 - grid_analyzer - INFO -   - Moquegua: 500kV, (-17.1917, -70.9306)
2024-11-21 17:15:31,661 - grid_analyzer - INFO -   - Ilo 1: 220kV, (-17.65, -71.3333)
2024-11-21 17:15:31,661 - grid_analyzer - INFO -   - Ilo 2: 138kV, (-17.6533, -71.3367)
2024-11-21 17:15:31,661 - grid_analyzer - INFO -   - Los Héroes: 220kV, (-18.0167, -70.25)
2024-11-21 17:15:31,661 - grid_analyzer - INFO -   - Tacna: 138kV, (-18.05, -70.2333)
2024-11-21 17:15:31,662 - grid_analyzer - INFO -   - Quencoro: 220kV, (-13.5333, -71.9333)
2024-11-21 17:15:31,662 - grid_analyzer - INFO -   - Tintaya: 220kV, (-14.9167, -71.3)
2024-11-21 17:15:31,662 - grid_analyzer - INFO -   - Onocora: 138kV, (-14.25, -71.75)
2024-11-21 17:15:31,662 - grid_analyzer - INFO -   - Puno: 220kV, (-15.8333, -70.0167)
2024-11-21 17:15:31,662 - grid_analyzer - INFO -   - Juliaca: 220kV, (-15.5, -70.1333)
2024-11-21 17:15:31,662 - grid_analyzer - INFO -   - Azángaro: 138kV, (-14.9167, -70.1917)
2024-11-21 17:15:31,662 - grid_analyzer - INFO -   - Abancay Nueva: 220kV, (-13.6333, -72.8833)
2024-11-21 17:15:31,662 - grid_analyzer - INFO -   - Cotaruse: 220kV, (-14.3167, -73.2)
2024-11-21 17:15:31,662 - grid_analyzer - INFO -   - Paramonga Nueva: 220kV, (-10.6667, -77.8333)
2024-11-21 17:15:31,700 - grid_analyzer - INFO - Inicializado con 22 subestaciones
2024-11-21 17:19:18,499 - grid_analyzer - INFO - Inicializado con 22 subestaciones
2024-11-21 17:19:18,500 - grid_analyzer - INFO - Obteniendo 22 subestaciones:
2024-11-21 17:19:18,500 - grid_analyzer - INFO -   - Chilca 1: 500kV, (-12.5167, -76.7333)
2024-11-21 17:19:18,500 - grid_analyzer - INFO -   - Chilca REP: 220kV, (-12.52, -76.7367)
2024-11-21 17:19:18,500 - grid_analyzer - INFO -   - Independencia: 220kV, (-13.7167, -76.0167)
2024-11-21 17:19:18,500 - grid_analyzer - INFO -   - Marcona: 220kV, (-15.3667, -75.0833)
2024-11-21 17:19:18,500 - grid_analyzer - INFO -   - Montalvo: 500kV, (-17.1333, -70.8333)
2024-11-21 17:19:18,500 - grid_analyzer - INFO -   - Socabaya: 220kV, (-16.4333, -71.5333)
2024-11-21 17:19:18,500 - grid_analyzer - INFO -   - Cerro Verde 1: 220kV, (-16.5167, -71.5833)
2024-11-21 17:19:18,500 - grid_analyzer - INFO -   - Cerro Verde 2: 138kV, (-16.52, -71.5867)
2024-11-21 17:19:18,500 - grid_analyzer - INFO -   - Moquegua: 500kV, (-17.1917, -70.9306)
2024-11-21 17:19:18,500 - grid_analyzer - INFO -   - Ilo 1: 220kV, (-17.65, -71.3333)
2024-11-21 17:19:18,500 - grid_analyzer - INFO -   - Ilo 2: 138kV, (-17.6533, -71.3367)
2024-11-21 17:19:18,500 - grid_analyzer - INFO -   - Los Héroes: 220kV, (-18.0167, -70.25)
2024-11-21 17:19:18,500 - grid_analyzer - INFO -   - Tacna: 138kV, (-18.05, -70.2333)
2024-11-21 17:19:18,500 - grid_analyzer - INFO -   - Quencoro: 220kV, (-13.5333, -71.9333)
2024-11-21 17:19:18,500 - grid_analyzer - INFO -   - Tintaya: 220kV, (-14.9167, -71.3)
2024-11-21 17:19:18,500 - grid_analyzer - INFO -   - Onocora: 138kV, (-14.25, -71.75)
2024-11-21 17:19:18,500 - grid_analyzer - INFO -   - Puno: 220kV, (-15.8333, -70.0167)
2024-11-21 17:19:18,500 - grid_analyzer - INFO -   - Juliaca: 220kV, (-15.5, -70.1333)
2024-11-21 17:19:18,500 - grid_analyzer - INFO -   - Azángaro: 138kV, (-14.9167, -70.1917)
2024-11-21 17:19:18,500 - grid_analyzer - INFO -   - Abancay Nueva: 220kV, (-13.6333, -72.8833)
2024-11-21 17:19:18,500 - grid_analyzer - INFO -   - Cotaruse: 220kV, (-14.3167, -73.2)
2024-11-21 17:19:18,501 - grid_analyzer - INFO -   - Paramonga Nueva: 220kV, (-10.6667, -77.8333)
2024-11-21 17:19:18,534 - grid_analyzer - INFO - Inicializado con 22 subestaciones
2024-11-21 17:19:53,431 - grid_analyzer - INFO - Inicializado con 22 subestaciones
2024-11-21 17:19:53,432 - grid_analyzer - INFO - Obteniendo 22 subestaciones:
2024-11-21 17:19:53,432 - grid_analyzer - INFO -   - Chilca 1: 500kV, (-12.5167, -76.7333)
2024-11-21 17:19:53,432 - grid_analyzer - INFO -   - Chilca REP: 220kV, (-12.52, -76.7367)
2024-11-21 17:19:53,432 - grid_analyzer - INFO -   - Independencia: 220kV, (-13.7167, -76.0167)
2024-11-21 17:19:53,432 - grid_analyzer - INFO -   - Marcona: 220kV, (-15.3667, -75.0833)
2024-11-21 17:19:53,432 - grid_analyzer - INFO -   - Montalvo: 500kV, (-17.1333, -70.8333)
2024-11-21 17:19:53,432 - grid_analyzer - INFO -   - Socabaya: 220kV, (-16.4333, -71.5333)
2024-11-21 17:19:53,432 - grid_analyzer - INFO -   - Cerro Verde 1: 220kV, (-16.5167, -71.5833)
2024-11-21 17:19:53,432 - grid_analyzer - INFO -   - Cerro Verde 2: 138kV, (-16.52, -71.5867)
2024-11-21 17:19:53,432 - grid_analyzer - INFO -   - Moquegua: 500kV, (-17.1917, -70.9306)
2024-11-21 17:19:53,432 - grid_analyzer - INFO -   - Ilo 1: 220kV, (-17.65, -71.3333)
2024-11-21 17:19:53,432 - grid_analyzer - INFO -   - Ilo 2: 138kV, (-17.6533, -71.3367)
2024-11-21 17:19:53,432 - grid_analyzer - INFO -   - Los Héroes: 220kV, (-18.0167, -70.25)
2024-11-21 17:19:53,433 - grid_analyzer - INFO -   - Tacna: 138kV, (-18.05, -70.2333)
2024-11-21 17:19:53,433 - grid_analyzer - INFO -   - Quencoro: 220kV, (-13.5333, -71.9333)
2024-11-21 17:19:53,433 - grid_analyzer - INFO -   - Tintaya: 220kV, (-14.9167, -71.3)
2024-11-21 17:19:53,433 - grid_analyzer - INFO -   - Onocora: 138kV, (-14.25, -71.75)
2024-11-21 17:19:53,433 - grid_analyzer - INFO -   - Puno: 220kV, (-15.8333, -70.0167)
2024-11-21 17:19:53,433 - grid_analyzer - INFO -   - Juliaca: 220kV, (-15.5, -70.1333)
2024-11-21 17:19:53,433 - grid_analyzer - INFO -   - Azángaro: 138kV, (-14.9167, -70.1917)
2024-11-21 17:19:53,433 - grid_analyzer - INFO -   - Abancay Nueva: 220kV, (-13.6333, -72.8833)
2024-11-21 17:19:53,433 - grid_analyzer - INFO -   - Cotaruse: 220kV, (-14.3167, -73.2)
2024-11-21 17:19:53,433 - grid_analyzer - INFO -   - Paramonga Nueva: 220kV, (-10.6667, -77.8333)
2024-11-21 17:19:53,463 - grid_analyzer - INFO - Inicializado con 22 subestaciones
2024-11-21 17:20:51,590 - grid_analyzer - INFO - Inicializado con 22 subestaciones
2024-11-21 17:20:51,590 - grid_analyzer - INFO - Obteniendo 22 subestaciones:
2024-11-21 17:20:51,591 - grid_analyzer - INFO -   - Chilca 1: 500kV, (-12.5167, -76.7333)
2024-11-21 17:20:51,591 - grid_analyzer - INFO -   - Chilca REP: 220kV, (-12.52, -76.7367)
2024-11-21 17:20:51,591 - grid_analyzer - INFO -   - Independencia: 220kV, (-13.7167, -76.0167)
2024-11-21 17:20:51,591 - grid_analyzer - INFO -   - Marcona: 220kV, (-15.3667, -75.0833)
2024-11-21 17:20:51,591 - grid_analyzer - INFO -   - Montalvo: 500kV, (-17.1333, -70.8333)
2024-11-21 17:20:51,591 - grid_analyzer - INFO -   - Socabaya: 220kV, (-16.4333, -71.5333)
2024-11-21 17:20:51,591 - grid_analyzer - INFO -   - Cerro Verde 1: 220kV, (-16.5167, -71.5833)
2024-11-21 17:20:51,591 - grid_analyzer - INFO -   - Cerro Verde 2: 138kV, (-16.52, -71.5867)
2024-11-21 17:20:51,591 - grid_analyzer - INFO -   - Moquegua: 500kV, (-17.1917, -70.9306)
2024-11-21 17:20:51,591 - grid_analyzer - INFO -   - Ilo 1: 220kV, (-17.65, -71.3333)
2024-11-21 17:20:51,591 - grid_analyzer - INFO -   - Ilo 2: 138kV, (-17.6533, -71.3367)
2024-11-21 17:20:51,591 - grid_analyzer - INFO -   - Los Héroes: 220kV, (-18.0167, -70.25)
2024-11-21 17:20:51,591 - grid_analyzer - INFO -   - Tacna: 138kV, (-18.05, -70.2333)
2024-11-21 17:20:51,591 - grid_analyzer - INFO -   - Quencoro: 220kV, (-13.5333, -71.9333)
2024-11-21 17:20:51,592 - grid_analyzer - INFO -   - Tintaya: 220kV, (-14.9167, -71.3)
2024-11-21 17:20:51,592 - grid_analyzer - INFO -   - Onocora: 138kV, (-14.25, -71.75)
2024-11-21 17:20:51,592 - grid_analyzer - INFO -   - Puno: 220kV, (-15.8333, -70.0167)
2024-11-21 17:20:51,592 - grid_analyzer - INFO -   - Juliaca: 220kV, (-15.5, -70.1333)
2024-11-21 17:20:51,592 - grid_analyzer - INFO -   - Azángaro: 138kV, (-14.9167, -70.1917)
2024-11-21 17:20:51,592 - grid_analyzer - INFO -   - Abancay Nueva: 220kV, (-13.6333, -72.8833)
2024-11-21 17:20:51,592 - grid_analyzer - INFO -   - Cotaruse: 220kV, (-14.3167, -73.2)
2024-11-21 17:20:51,592 - grid_analyzer - INFO -   - Paramonga Nueva: 220kV, (-10.6667, -77.8333)
2024-11-21 17:20:51,769 - grid_analyzer - INFO - Inicializado con 22 subestaciones
2024-11-21 17:22:09,250 - grid_analyzer - INFO - Inicializado con 22 subestaciones
2024-11-21 17:22:09,250 - grid_analyzer - INFO - Obteniendo 22 subestaciones:
2024-11-21 17:22:09,250 - grid_analyzer - INFO -   - Chilca 1: 500kV, (-12.5167, -76.7333)
2024-11-21 17:22:09,250 - grid_analyzer - INFO -   - Chilca REP: 220kV, (-12.52, -76.7367)
2024-11-21 17:22:09,250 - grid_analyzer - INFO -   - Independencia: 220kV, (-13.7167, -76.0167)
2024-11-21 17:22:09,250 - grid_analyzer - INFO -   - Marcona: 220kV, (-15.3667, -75.0833)
2024-11-21 17:22:09,251 - grid_analyzer - INFO -   - Montalvo: 500kV, (-17.1333, -70.8333)
2024-11-21 17:22:09,251 - grid_analyzer - INFO -   - Socabaya: 220kV, (-16.4333, -71.5333)
2024-11-21 17:22:09,251 - grid_analyzer - INFO -   - Cerro Verde 1: 220kV, (-16.5167, -71.5833)
2024-11-21 17:22:09,251 - grid_analyzer - INFO -   - Cerro Verde 2: 138kV, (-16.52, -71.5867)
2024-11-21 17:22:09,251 - grid_analyzer - INFO -   - Moquegua: 500kV, (-17.1917, -70.9306)
2024-11-21 17:22:09,251 - grid_analyzer - INFO -   - Ilo 1: 220kV, (-17.65, -71.3333)
2024-11-21 17:22:09,251 - grid_analyzer - INFO -   - Ilo 2: 138kV, (-17.6533, -71.3367)
2024-11-21 17:22:09,251 - grid_analyzer - INFO -   - Los Héroes: 220kV, (-18.0167, -70.25)
2024-11-21 17:22:09,251 - grid_analyzer - INFO -   - Tacna: 138kV, (-18.05, -70.2333)
2024-11-21 17:22:09,251 - grid_analyzer - INFO -   - Quencoro: 220kV, (-13.5333, -71.9333)
2024-11-21 17:22:09,251 - grid_analyzer - INFO -   - Tintaya: 220kV, (-14.9167, -71.3)
2024-11-21 17:22:09,251 - grid_analyzer - INFO -   - Onocora: 138kV, (-14.25, -71.75)
2024-11-21 17:22:09,251 - grid_analyzer - INFO -   - Puno: 220kV, (-15.8333, -70.0167)
2024-11-21 17:22:09,252 - grid_analyzer - INFO -   - Juliaca: 220kV, (-15.5, -70.1333)
2024-11-21 17:22:09,252 - grid_analyzer - INFO -   - Azángaro: 138kV, (-14.9167, -70.1917)
2024-11-21 17:22:09,252 - grid_analyzer - INFO -   - Abancay Nueva: 220kV, (-13.6333, -72.8833)
2024-11-21 17:22:09,252 - grid_analyzer - INFO -   - Cotaruse: 220kV, (-14.3167, -73.2)
2024-11-21 17:22:09,252 - grid_analyzer - INFO -   - Paramonga Nueva: 220kV, (-10.6667, -77.8333)
2024-11-21 17:22:09,402 - grid_analyzer - INFO - Inicializado con 22 subestaciones
2024-11-21 17:23:42,061 - grid_analyzer - INFO - Inicializado con 22 subestaciones
2024-11-21 17:23:42,062 - grid_analyzer - INFO - Obteniendo 22 subestaciones:
2024-11-21 17:23:42,062 - grid_analyzer - INFO -   - Chilca 1: 500kV, (-12.5167, -76.7333)
2024-11-21 17:23:42,062 - grid_analyzer - INFO -   - Chilca REP: 220kV, (-12.52, -76.7367)
2024-11-21 17:23:42,062 - grid_analyzer - INFO -   - Independencia: 220kV, (-13.7167, -76.0167)
2024-11-21 17:23:42,062 - grid_analyzer - INFO -   - Marcona: 220kV, (-15.3667, -75.0833)
2024-11-21 17:23:42,062 - grid_analyzer - INFO -   - Montalvo: 500kV, (-17.1333, -70.8333)
2024-11-21 17:23:42,062 - grid_analyzer - INFO -   - Socabaya: 220kV, (-16.4333, -71.5333)
2024-11-21 17:23:42,062 - grid_analyzer - INFO -   - Cerro Verde 1: 220kV, (-16.5167, -71.5833)
2024-11-21 17:23:42,062 - grid_analyzer - INFO -   - Cerro Verde 2: 138kV, (-16.52, -71.5867)
2024-11-21 17:23:42,062 - grid_analyzer - INFO -   - Moquegua: 500kV, (-17.1917, -70.9306)
2024-11-21 17:23:42,062 - grid_analyzer - INFO -   - Ilo 1: 220kV, (-17.65, -71.3333)
2024-11-21 17:23:42,062 - grid_analyzer - INFO -   - Ilo 2: 138kV, (-17.6533, -71.3367)
2024-11-21 17:23:42,062 - grid_analyzer - INFO -   - Los Héroes: 220kV, (-18.0167, -70.25)
2024-11-21 17:23:42,062 - grid_analyzer - INFO -   - Tacna: 138kV, (-18.05, -70.2333)
2024-11-21 17:23:42,063 - grid_analyzer - INFO -   - Quencoro: 220kV, (-13.5333, -71.9333)
2024-11-21 17:23:42,063 - grid_analyzer - INFO -   - Tintaya: 220kV, (-14.9167, -71.3)
2024-11-21 17:23:42,063 - grid_analyzer - INFO -   - Onocora: 138kV, (-14.25, -71.75)
2024-11-21 17:23:42,063 - grid_analyzer - INFO -   - Puno: 220kV, (-15.8333, -70.0167)
2024-11-21 17:23:42,063 - grid_analyzer - INFO -   - Juliaca: 220kV, (-15.5, -70.1333)
2024-11-21 17:23:42,063 - grid_analyzer - INFO -   - Azángaro: 138kV, (-14.9167, -70.1917)
2024-11-21 17:23:42,063 - grid_analyzer - INFO -   - Abancay Nueva: 220kV, (-13.6333, -72.8833)
2024-11-21 17:23:42,063 - grid_analyzer - INFO -   - Cotaruse: 220kV, (-14.3167, -73.2)
2024-11-21 17:23:42,063 - grid_analyzer - INFO -   - Paramonga Nueva: 220kV, (-10.6667, -77.8333)
2024-11-21 17:23:42,214 - grid_analyzer - INFO - Inicializado con 22 subestaciones
2024-11-21 17:26:31,651 - grid_analyzer - INFO - Inicializado con 22 subestaciones
2024-11-21 17:26:31,652 - grid_analyzer - INFO - Obteniendo 22 subestaciones:
2024-11-21 17:26:31,652 - grid_analyzer - INFO -   - Chilca 1: 500kV, (-12.5167, -76.7333)
2024-11-21 17:26:31,652 - grid_analyzer - INFO -   - Chilca REP: 220kV, (-12.52, -76.7367)
2024-11-21 17:26:31,652 - grid_analyzer - INFO -   - Independencia: 220kV, (-13.7167, -76.0167)
2024-11-21 17:26:31,652 - grid_analyzer - INFO -   - Marcona: 220kV, (-15.3667, -75.0833)
2024-11-21 17:26:31,652 - grid_analyzer - INFO -   - Montalvo: 500kV, (-17.1333, -70.8333)
2024-11-21 17:26:31,652 - grid_analyzer - INFO -   - Socabaya: 220kV, (-16.4333, -71.5333)
2024-11-21 17:26:31,652 - grid_analyzer - INFO -   - Cerro Verde 1: 220kV, (-16.5167, -71.5833)
2024-11-21 17:26:31,652 - grid_analyzer - INFO -   - Cerro Verde 2: 138kV, (-16.52, -71.5867)
2024-11-21 17:26:31,652 - grid_analyzer - INFO -   - Moquegua: 500kV, (-17.1917, -70.9306)
2024-11-21 17:26:31,653 - grid_analyzer - INFO -   - Ilo 1: 220kV, (-17.65, -71.3333)
2024-11-21 17:26:31,653 - grid_analyzer - INFO -   - Ilo 2: 138kV, (-17.6533, -71.3367)
2024-11-21 17:26:31,653 - grid_analyzer - INFO -   - Los Héroes: 220kV, (-18.0167, -70.25)
2024-11-21 17:26:31,653 - grid_analyzer - INFO -   - Tacna: 138kV, (-18.05, -70.2333)
2024-11-21 17:26:31,653 - grid_analyzer - INFO -   - Quencoro: 220kV, (-13.5333, -71.9333)
2024-11-21 17:26:31,653 - grid_analyzer - INFO -   - Tintaya: 220kV, (-14.9167, -71.3)
2024-11-21 17:26:31,653 - grid_analyzer - INFO -   - Onocora: 138kV, (-14.25, -71.75)
2024-11-21 17:26:31,653 - grid_analyzer - INFO -   - Puno: 220kV, (-15.8333, -70.0167)
2024-11-21 17:26:31,653 - grid_analyzer - INFO -   - Juliaca: 220kV, (-15.5, -70.1333)
2024-11-21 17:26:31,653 - grid_analyzer - INFO -   - Azángaro: 138kV, (-14.9167, -70.1917)
2024-11-21 17:26:31,653 - grid_analyzer - INFO -   - Abancay Nueva: 220kV, (-13.6333, -72.8833)
2024-11-21 17:26:31,653 - grid_analyzer - INFO -   - Cotaruse: 220kV, (-14.3167, -73.2)
2024-11-21 17:26:31,653 - grid_analyzer - INFO -   - Paramonga Nueva: 220kV, (-10.6667, -77.8333)
2024-11-21 17:26:31,805 - grid_analyzer - INFO - Inicializado con 22 subestaciones
2024-11-21 17:28:22,458 - grid_analyzer - INFO - Inicializado con 22 subestaciones
2024-11-21 17:28:22,458 - grid_analyzer - INFO - Obteniendo 22 subestaciones:
2024-11-21 17:28:22,458 - grid_analyzer - INFO -   - Chilca 1: 500kV, (-12.5167, -76.7333)
2024-11-21 17:28:22,458 - grid_analyzer - INFO -   - Chilca REP: 220kV, (-12.52, -76.7367)
2024-11-21 17:28:22,458 - grid_analyzer - INFO -   - Independencia: 220kV, (-13.7167, -76.0167)
2024-11-21 17:28:22,459 - grid_analyzer - INFO -   - Marcona: 220kV, (-15.3667, -75.0833)
2024-11-21 17:28:22,459 - grid_analyzer - INFO -   - Montalvo: 500kV, (-17.1333, -70.8333)
2024-11-21 17:28:22,459 - grid_analyzer - INFO -   - Socabaya: 220kV, (-16.4333, -71.5333)
2024-11-21 17:28:22,459 - grid_analyzer - INFO -   - Cerro Verde 1: 220kV, (-16.5167, -71.5833)
2024-11-21 17:28:22,459 - grid_analyzer - INFO -   - Cerro Verde 2: 138kV, (-16.52, -71.5867)
2024-11-21 17:28:22,459 - grid_analyzer - INFO -   - Moquegua: 500kV, (-17.1917, -70.9306)
2024-11-21 17:28:22,459 - grid_analyzer - INFO -   - Ilo 1: 220kV, (-17.65, -71.3333)
2024-11-21 17:28:22,459 - grid_analyzer - INFO -   - Ilo 2: 138kV, (-17.6533, -71.3367)
2024-11-21 17:28:22,459 - grid_analyzer - INFO -   - Los Héroes: 220kV, (-18.0167, -70.25)
2024-11-21 17:28:22,459 - grid_analyzer - INFO -   - Tacna: 138kV, (-18.05, -70.2333)
2024-11-21 17:28:22,459 - grid_analyzer - INFO -   - Quencoro: 220kV, (-13.5333, -71.9333)
2024-11-21 17:28:22,459 - grid_analyzer - INFO -   - Tintaya: 220kV, (-14.9167, -71.3)
2024-11-21 17:28:22,459 - grid_analyzer - INFO -   - Onocora: 138kV, (-14.25, -71.75)
2024-11-21 17:28:22,459 - grid_analyzer - INFO -   - Puno: 220kV, (-15.8333, -70.0167)
2024-11-21 17:28:22,459 - grid_analyzer - INFO -   - Juliaca: 220kV, (-15.5, -70.1333)
2024-11-21 17:28:22,459 - grid_analyzer - INFO -   - Azángaro: 138kV, (-14.9167, -70.1917)
2024-11-21 17:28:22,459 - grid_analyzer - INFO -   - Abancay Nueva: 220kV, (-13.6333, -72.8833)
2024-11-21 17:28:22,459 - grid_analyzer - INFO -   - Cotaruse: 220kV, (-14.3167, -73.2)
2024-11-21 17:28:22,459 - grid_analyzer - INFO -   - Paramonga Nueva: 220kV, (-10.6667, -77.8333)
2024-11-21 17:28:22,608 - grid_analyzer - INFO - Inicializado con 22 subestaciones
2024-11-21 17:30:27,821 - grid_analyzer - INFO - Inicializado con 22 subestaciones
2024-11-21 17:30:27,821 - grid_analyzer - INFO - Obteniendo 22 subestaciones:
2024-11-21 17:30:27,821 - grid_analyzer - INFO -   - Chilca 1: 500kV, (-12.5167, -76.7333)
2024-11-21 17:30:27,821 - grid_analyzer - INFO -   - Chilca REP: 220kV, (-12.52, -76.7367)
2024-11-21 17:30:27,821 - grid_analyzer - INFO -   - Independencia: 220kV, (-13.7167, -76.0167)
2024-11-21 17:30:27,821 - grid_analyzer - INFO -   - Marcona: 220kV, (-15.3667, -75.0833)
2024-11-21 17:30:27,821 - grid_analyzer - INFO -   - Montalvo: 500kV, (-17.1333, -70.8333)
2024-11-21 17:30:27,821 - grid_analyzer - INFO -   - Socabaya: 220kV, (-16.4333, -71.5333)
2024-11-21 17:30:27,822 - grid_analyzer - INFO -   - Cerro Verde 1: 220kV, (-16.5167, -71.5833)
2024-11-21 17:30:27,822 - grid_analyzer - INFO -   - Cerro Verde 2: 138kV, (-16.52, -71.5867)
2024-11-21 17:30:27,822 - grid_analyzer - INFO -   - Moquegua: 500kV, (-17.1917, -70.9306)
2024-11-21 17:30:27,822 - grid_analyzer - INFO -   - Ilo 1: 220kV, (-17.65, -71.3333)
2024-11-21 17:30:27,822 - grid_analyzer - INFO -   - Ilo 2: 138kV, (-17.6533, -71.3367)
2024-11-21 17:30:27,822 - grid_analyzer - INFO -   - Los Héroes: 220kV, (-18.0167, -70.25)
2024-11-21 17:30:27,822 - grid_analyzer - INFO -   - Tacna: 138kV, (-18.05, -70.2333)
2024-11-21 17:30:27,822 - grid_analyzer - INFO -   - Quencoro: 220kV, (-13.5333, -71.9333)
2024-11-21 17:30:27,822 - grid_analyzer - INFO -   - Tintaya: 220kV, (-14.9167, -71.3)
2024-11-21 17:30:27,822 - grid_analyzer - INFO -   - Onocora: 138kV, (-14.25, -71.75)
2024-11-21 17:30:27,822 - grid_analyzer - INFO -   - Puno: 220kV, (-15.8333, -70.0167)
2024-11-21 17:30:27,822 - grid_analyzer - INFO -   - Juliaca: 220kV, (-15.5, -70.1333)
2024-11-21 17:30:27,822 - grid_analyzer - INFO -   - Azángaro: 138kV, (-14.9167, -70.1917)
2024-11-21 17:30:27,822 - grid_analyzer - INFO -   - Abancay Nueva: 220kV, (-13.6333, -72.8833)
2024-11-21 17:30:27,822 - grid_analyzer - INFO -   - Cotaruse: 220kV, (-14.3167, -73.2)
2024-11-21 17:30:27,822 - grid_analyzer - INFO -   - Paramonga Nueva: 220kV, (-10.6667, -77.8333)
2024-11-21 17:30:27,977 - grid_analyzer - INFO - Inicializado con 22 subestaciones
2024-11-21 17:32:40,018 - grid_analyzer - INFO - Inicializado con 22 subestaciones
2024-11-21 17:32:40,019 - grid_analyzer - INFO - Obteniendo 22 subestaciones:
2024-11-21 17:32:40,019 - grid_analyzer - INFO -   - Chilca 1: 500kV, (-12.5167, -76.7333)
2024-11-21 17:32:40,019 - grid_analyzer - INFO -   - Chilca REP: 220kV, (-12.52, -76.7367)
2024-11-21 17:32:40,019 - grid_analyzer - INFO -   - Independencia: 220kV, (-13.7167, -76.0167)
2024-11-21 17:32:40,019 - grid_analyzer - INFO -   - Marcona: 220kV, (-15.3667, -75.0833)
2024-11-21 17:32:40,019 - grid_analyzer - INFO -   - Montalvo: 500kV, (-17.1333, -70.8333)
2024-11-21 17:32:40,019 - grid_analyzer - INFO -   - Socabaya: 220kV, (-16.4333, -71.5333)
2024-11-21 17:32:40,019 - grid_analyzer - INFO -   - Cerro Verde 1: 220kV, (-16.5167, -71.5833)
2024-11-21 17:32:40,019 - grid_analyzer - INFO -   - Cerro Verde 2: 138kV, (-16.52, -71.5867)
2024-11-21 17:32:40,019 - grid_analyzer - INFO -   - Moquegua: 500kV, (-17.1917, -70.9306)
2024-11-21 17:32:40,019 - grid_analyzer - INFO -   - Ilo 1: 220kV, (-17.65, -71.3333)
2024-11-21 17:32:40,019 - grid_analyzer - INFO -   - Ilo 2: 138kV, (-17.6533, -71.3367)
2024-11-21 17:32:40,019 - grid_analyzer - INFO -   - Los Héroes: 220kV, (-18.0167, -70.25)
2024-11-21 17:32:40,019 - grid_analyzer - INFO -   - Tacna: 138kV, (-18.05, -70.2333)
2024-11-21 17:32:40,019 - grid_analyzer - INFO -   - Quencoro: 220kV, (-13.5333, -71.9333)
2024-11-21 17:32:40,019 - grid_analyzer - INFO -   - Tintaya: 220kV, (-14.9167, -71.3)
2024-11-21 17:32:40,019 - grid_analyzer - INFO -   - Onocora: 138kV, (-14.25, -71.75)
2024-11-21 17:32:40,019 - grid_analyzer - INFO -   - Puno: 220kV, (-15.8333, -70.0167)
2024-11-21 17:32:40,019 - grid_analyzer - INFO -   - Juliaca: 220kV, (-15.5, -70.1333)
2024-11-21 17:32:40,019 - grid_analyzer - INFO -   - Azángaro: 138kV, (-14.9167, -70.1917)
2024-11-21 17:32:40,019 - grid_analyzer - INFO -   - Abancay Nueva: 220kV, (-13.6333, -72.8833)
2024-11-21 17:32:40,020 - grid_analyzer - INFO -   - Cotaruse: 220kV, (-14.3167, -73.2)
2024-11-21 17:32:40,020 - grid_analyzer - INFO -   - Paramonga Nueva: 220kV, (-10.6667, -77.8333)
2024-11-21 17:32:40,171 - grid_analyzer - INFO - Inicializado con 22 subestaciones
